1
finished - did not run model
2
finished - did not run model
3
finished - did not run model
4
finished - did not run model
5
finished - did not run model
6
finished - did not run model
7
finished - did not run model
8
finished - did not run model
9
finished - did not run model
10
finished - did not run model
11
finished - did not run model
12
finished - did not run model
13
finished - did not run model
14
finished - did not run model
15
finished - did not run model
16
finished - did not run model
17
finished - did not run model
18
finished - did not run model
19
finished - did not run model
20
finished - did not run model
21
finished - did not run model
22
finished - did not run model
23
finished - did not run model
24
finished - did not run model
25
finished - did not run model
26
finished - did not run model
27
finished - did not run model
28
finished - did not run model
29
finished - did not run model
30
finished - did not run model
31
finished - did not run model
32
finished - did not run model
33
finished - did not run model
34
finished - did not run model
35
finished - did not run model
36
finished - did not run model
37
finished - did not run model
38
finished - did not run model
39
finished - did not run model
40
finished - did not run model
41
finished - did not run model
42
finished - did not run model
43
finished - did not run model
44
finished - did not run model
45
finished - did not run model
46
finished - did not run model
47
finished - did not run model
48
finished - did not run model
49
finished - did not run model
50
finished - did not run model
51
finished - did not run model
52
finished - did not run model
53
finished - did not run model
54
finished - did not run model
55
finished - did not run model
56
finished - did not run model
57
finished - did not run model
58
finished - did not run model
59
forrtl: severe (408): fort: (3): Subscript #1 of the array SLOPE_DATA has value 0 which is less than the lower bound of 1

Image              PC                Routine            Line        Source             
driver.exe         00000000004B6D75  Unknown               Unknown  Unknown
driver.exe         000000000057D51E  Unknown               Unknown  Unknown
driver.exe         0000000000403456  Unknown               Unknown  Unknown
libc.so.6          00007F9D3BC2BC26  Unknown               Unknown  Unknown
driver.exe         0000000000403349  Unknown               Unknown  Unknown
60
finished - did not run model
61
finished - did not run model
62
forrtl: severe (408): fort: (3): Subscript #1 of the array SLOPE_DATA has value 0 which is less than the lower bound of 1

Image              PC                Routine            Line        Source             
driver.exe         00000000004B6D75  Unknown               Unknown  Unknown
driver.exe         000000000057D51E  Unknown               Unknown  Unknown
driver.exe         0000000000403456  Unknown               Unknown  Unknown
libc.so.6          00007FCA22250C26  Unknown               Unknown  Unknown
driver.exe         0000000000403349  Unknown               Unknown  Unknown
63
forrtl: severe (408): fort: (3): Subscript #1 of the array SLOPE_DATA has value 0 which is less than the lower bound of 1

Image              PC                Routine            Line        Source             
driver.exe         00000000004B6D75  Unknown               Unknown  Unknown
driver.exe         000000000057D51E  Unknown               Unknown  Unknown
driver.exe         0000000000403456  Unknown               Unknown  Unknown
libc.so.6          00007FD24933EC26  Unknown               Unknown  Unknown
driver.exe         0000000000403349  Unknown               Unknown  Unknown
64
finished - did not run model
65
finished - did not run model
66
finished - did not run model
67
finished - did not run model
68
finished - did not run model
69
finished - did not run model
70
finished - did not run model
71
finished - did not run model
72
finished - did not run model
73
finished - did not run model
74
finished - did not run model
75
finished - did not run model
76
finished - did not run model
77
forrtl: severe (408): fort: (3): Subscript #1 of the array SLOPE_DATA has value 0 which is less than the lower bound of 1

Image              PC                Routine            Line        Source             
driver.exe         00000000004B6D75  Unknown               Unknown  Unknown
driver.exe         000000000057D51E  Unknown               Unknown  Unknown
driver.exe         0000000000403456  Unknown               Unknown  Unknown
libc.so.6          00007FDEC8102C26  Unknown               Unknown  Unknown
driver.exe         0000000000403349  Unknown               Unknown  Unknown
78
finished - did not run model
79
finished - did not run model
80
finished - did not run model
81
finished - did not run model
82
finished - did not run model
83
finished - did not run model
84
finished - did not run model
85
finished - did not run model
86
finished - did not run model
87
finished - did not run model
88
finished - did not run model
89
finished - did not run model
90
finished - did not run model
91
forrtl: severe (408): fort: (3): Subscript #1 of the array SLOPE_DATA has value 0 which is less than the lower bound of 1

Image              PC                Routine            Line        Source             
driver.exe         00000000004B6D75  Unknown               Unknown  Unknown
driver.exe         000000000057D51E  Unknown               Unknown  Unknown
driver.exe         0000000000403456  Unknown               Unknown  Unknown
libc.so.6          00007F8BEBD1EC26  Unknown               Unknown  Unknown
driver.exe         0000000000403349  Unknown               Unknown  Unknown
92
finished - did not run model
93
finished - did not run model
94
finished - did not run model
95
finished - did not run model
96
finished - did not run model
97
finished - did not run model
98
finished - did not run model
99
finished - did not run model
100
finished - did not run model
101
finished - did not run model
102
finished - did not run model
103
finished - did not run model
104
finished - did not run model
105
finished - did not run model
106
finished - did not run model
107
finished - did not run model
108
finished - did not run model
109
finished - did not run model
110
finished - did not run model
111
finished - did not run model
112
finished - did not run model
113
finished - did not run model
114
finished - did not run model
115
finished - did not run model
116
forrtl: severe (408): fort: (3): Subscript #1 of the array SLOPE_DATA has value 0 which is less than the lower bound of 1

Image              PC                Routine            Line        Source             
driver.exe         00000000004B6D75  Unknown               Unknown  Unknown
driver.exe         000000000057D51E  Unknown               Unknown  Unknown
driver.exe         0000000000403456  Unknown               Unknown  Unknown
libc.so.6          00007FDEFC6B2C26  Unknown               Unknown  Unknown
driver.exe         0000000000403349  Unknown               Unknown  Unknown
117
forrtl: severe (408): fort: (3): Subscript #1 of the array SLOPE_DATA has value 0 which is less than the lower bound of 1

Image              PC                Routine            Line        Source             
driver.exe         00000000004B6D75  Unknown               Unknown  Unknown
driver.exe         000000000057D51E  Unknown               Unknown  Unknown
driver.exe         0000000000403456  Unknown               Unknown  Unknown
libc.so.6          00007F8BF41B0C26  Unknown               Unknown  Unknown
driver.exe         0000000000403349  Unknown               Unknown  Unknown
118
forrtl: severe (408): fort: (3): Subscript #1 of the array SLOPE_DATA has value 0 which is less than the lower bound of 1

Image              PC                Routine            Line        Source             
driver.exe         00000000004B6D75  Unknown               Unknown  Unknown
driver.exe         000000000057D51E  Unknown               Unknown  Unknown
driver.exe         0000000000403456  Unknown               Unknown  Unknown
libc.so.6          00007F39F58C6C26  Unknown               Unknown  Unknown
driver.exe         0000000000403349  Unknown               Unknown  Unknown
119
finished - did not run model
120
finished - did not run model
121
finished - did not run model
122
finished - did not run model
123
finished - did not run model
124
finished - did not run model
125
finished - did not run model
126
finished - did not run model
127
finished - did not run model
128
finished - did not run model
129
finished - did not run model
130
finished - did not run model
131
finished - did not run model
132
finished - did not run model
133
finished - did not run model
134
finished - did not run model
135
finished - did not run model
136
finished - did not run model
137
finished - did not run model
138
finished - did not run model
139
finished - did not run model
140
finished - did not run model
141
finished - did not run model
142
finished - did not run model
143
finished - did not run model
144
finished - did not run model
145
finished - did not run model
146
finished - did not run model
147
finished - did not run model
148
finished - did not run model
149
finished - did not run model
150
finished - did not run model
151
finished - did not run model
152
finished - did not run model
153
finished - did not run model
154
finished - did not run model
155
finished - did not run model
156
finished - did not run model
157
finished - did not run model
158
finished - did not run model
159
finished - did not run model
160
finished - did not run model
161
finished - did not run model
162
finished - did not run model
163
finished - did not run model
164
finished - did not run model
165
finished - did not run model
166
finished - did not run model
167
finished - did not run model
168
finished - did not run model
169
finished - did not run model
170
finished - did not run model
171
finished - did not run model
172
finished - did not run model
173
finished - did not run model
174
forrtl: severe (408): fort: (3): Subscript #1 of the array SLOPE_DATA has value 0 which is less than the lower bound of 1

Image              PC                Routine            Line        Source             
driver.exe         00000000004B6D75  Unknown               Unknown  Unknown
driver.exe         000000000057D51E  Unknown               Unknown  Unknown
driver.exe         0000000000403456  Unknown               Unknown  Unknown
libc.so.6          00007F2F5FB82C26  Unknown               Unknown  Unknown
driver.exe         0000000000403349  Unknown               Unknown  Unknown
175
finished - did not run model
176
finished - did not run model
177
finished - did not run model
178
finished - did not run model
179
finished - did not run model
180
finished - did not run model
181
finished - did not run model
182
finished - did not run model
183
finished - did not run model
184
finished - did not run model
185
finished - did not run model
186
finished - did not run model
187
finished - did not run model
188
finished - did not run model
189
finished - did not run model
190
finished - did not run model
191
finished - did not run model
192
finished - did not run model
193
finished - did not run model
194
finished - did not run model
195
finished - did not run model
196
finished - did not run model
197
finished - did not run model
198
finished - did not run model
199
finished - did not run model
200
finished - did not run model
201
finished - did not run model
202
finished - did not run model
203
finished - did not run model
204
forrtl: severe (408): fort: (3): Subscript #1 of the array SLOPE_DATA has value 0 which is less than the lower bound of 1

Image              PC                Routine            Line        Source             
driver.exe         00000000004B6D75  Unknown               Unknown  Unknown
driver.exe         000000000057D51E  Unknown               Unknown  Unknown
driver.exe         0000000000403456  Unknown               Unknown  Unknown
libc.so.6          00007FE115399C26  Unknown               Unknown  Unknown
driver.exe         0000000000403349  Unknown               Unknown  Unknown
205
finished - did not run model
206
finished - did not run model
207
finished - did not run model
208
finished - did not run model
209
finished - did not run model
210
finished - did not run model
211
finished - did not run model
212
finished - did not run model
213
finished - did not run model
214
finished - did not run model
215
finished - did not run model
216
forrtl: severe (408): fort: (3): Subscript #1 of the array SLOPE_DATA has value 0 which is less than the lower bound of 1

Image              PC                Routine            Line        Source             
driver.exe         00000000004B6D75  Unknown               Unknown  Unknown
driver.exe         000000000057D51E  Unknown               Unknown  Unknown
driver.exe         0000000000403456  Unknown               Unknown  Unknown
libc.so.6          00007FEB57884C26  Unknown               Unknown  Unknown
driver.exe         0000000000403349  Unknown               Unknown  Unknown
217
finished - did not run model
218
finished - did not run model
219
finished - did not run model
220
finished - did not run model
221
finished - did not run model
222
finished - did not run model
223
finished - did not run model
224
finished - did not run model
225
finished - did not run model
226
finished - did not run model
227
finished - did not run model
228
finished - did not run model
229
finished - did not run model
230
finished - did not run model
231
finished - did not run model
232
finished - did not run model
233
finished - did not run model
234
finished - did not run model
235
finished - did not run model
236
finished - did not run model
237
finished - did not run model
238
finished - did not run model
239
finished - did not run model
240
finished - did not run model
241
finished - did not run model
242
finished - did not run model
243
forrtl: severe (408): fort: (3): Subscript #1 of the array SLOPE_DATA has value 0 which is less than the lower bound of 1

Image              PC                Routine            Line        Source             
driver.exe         00000000004B6D75  Unknown               Unknown  Unknown
driver.exe         000000000057D51E  Unknown               Unknown  Unknown
driver.exe         0000000000403456  Unknown               Unknown  Unknown
libc.so.6          00007F426B761C26  Unknown               Unknown  Unknown
driver.exe         0000000000403349  Unknown               Unknown  Unknown
244
finished - did not run model
245
finished - did not run model
246
finished - did not run model
247
finished - did not run model
248
finished - did not run model
249
finished - did not run model
250
finished - did not run model
251
finished - did not run model
252
finished - did not run model
253
finished - did not run model
254
finished - did not run model
255
finished - did not run model
256
finished - did not run model
257
finished - did not run model
258
finished - did not run model
259
finished - did not run model
260
finished - did not run model
261
finished - did not run model
262
finished - did not run model
263
finished - did not run model
264
finished - did not run model
265
finished - did not run model
266
finished - did not run model
267
finished - did not run model
268
finished - did not run model
269
finished - did not run model
270
finished - did not run model
271
finished - did not run model
272
finished - did not run model
273
finished - did not run model
274
finished - did not run model
275
finished - did not run model
276
finished - did not run model
277
finished - did not run model
278
finished - did not run model
279
forrtl: severe (408): fort: (3): Subscript #1 of the array SLOPE_DATA has value 0 which is less than the lower bound of 1

Image              PC                Routine            Line        Source             
driver.exe         00000000004B6D75  Unknown               Unknown  Unknown
driver.exe         000000000057D51E  Unknown               Unknown  Unknown
driver.exe         0000000000403456  Unknown               Unknown  Unknown
libc.so.6          00007F52FEF10C26  Unknown               Unknown  Unknown
driver.exe         0000000000403349  Unknown               Unknown  Unknown
280
finished - did not run model
281
finished - did not run model
282
finished - did not run model
283
finished - did not run model
284
finished - did not run model
285
finished - did not run model
286
finished - did not run model
287
forrtl: severe (408): fort: (3): Subscript #1 of the array SLOPE_DATA has value 0 which is less than the lower bound of 1

Image              PC                Routine            Line        Source             
driver.exe         00000000004B6D75  Unknown               Unknown  Unknown
driver.exe         000000000057D51E  Unknown               Unknown  Unknown
driver.exe         0000000000403456  Unknown               Unknown  Unknown
libc.so.6          00007F4F43544C26  Unknown               Unknown  Unknown
driver.exe         0000000000403349  Unknown               Unknown  Unknown
288
finished - did not run model
289
finished - did not run model
290
finished - did not run model
291
finished - did not run model
292
finished - did not run model
293
finished - did not run model
294
finished - did not run model
295
finished - did not run model
296
finished - did not run model
297
finished - did not run model
298
finished - did not run model
299
finished - did not run model
300
finished - did not run model
301
finished - did not run model
302
finished - did not run model
303
finished - did not run model
304
finished - did not run model
305
finished - did not run model
306
finished - did not run model
307
finished - did not run model
308
finished - did not run model
309
finished - did not run model
310
finished - did not run model
311
finished - did not run model
312
finished - did not run model
313
finished - did not run model
314
finished - did not run model
315
finished - did not run model
316
finished - did not run model
317
finished - did not run model
318
finished - did not run model
319
finished - did not run model
320
finished - did not run model
321
finished - did not run model
322
finished - did not run model
323
finished - did not run model
324
finished - did not run model
325
finished - did not run model
326
finished - did not run model
327
finished - did not run model
328
finished - did not run model
329
finished - did not run model
330
finished - did not run model
331
finished - did not run model
332
finished - did not run model
333
finished - did not run model
334
finished - did not run model
335
finished - did not run model
336
finished - did not run model
337
finished - did not run model
338
finished - did not run model
339
finished - did not run model
340
finished - did not run model
341
finished - did not run model
342
finished - did not run model
343
finished - did not run model
344
finished - did not run model
345
finished - did not run model
346
finished - did not run model
347
finished - did not run model
348
finished - did not run model
349
finished - did not run model
350
finished - did not run model
351
finished - did not run model
352
finished - did not run model
353
finished - did not run model
354
finished - did not run model
355
finished - did not run model
356
finished - did not run model
357
finished - did not run model
358
finished - did not run model
359
finished - did not run model
360
finished - did not run model
361
finished - did not run model
362
finished - did not run model
363
forrtl: severe (408): fort: (3): Subscript #1 of the array SLOPE_DATA has value 0 which is less than the lower bound of 1

Image              PC                Routine            Line        Source             
driver.exe         00000000004B6D75  Unknown               Unknown  Unknown
driver.exe         000000000057D51E  Unknown               Unknown  Unknown
driver.exe         0000000000403456  Unknown               Unknown  Unknown
libc.so.6          00007F8BA8B66C26  Unknown               Unknown  Unknown
driver.exe         0000000000403349  Unknown               Unknown  Unknown
364
finished - did not run model
365
finished - did not run model
366
finished - did not run model
367
finished - did not run model
368
finished - did not run model
369
finished - did not run model
370
finished - did not run model
371
finished - did not run model
372
finished - did not run model
373
finished - did not run model
374
finished - did not run model
375
finished - did not run model
376
finished - did not run model
377
finished - did not run model
378
finished - did not run model
379
finished - did not run model
380
finished - did not run model
381
finished - did not run model
382
finished - did not run model
383
finished - did not run model
